<?xml version="1.0" encoding="UTF-8"?>
<!-- Generated by org.testng.reporters.JUnitReportReporter -->
<testsuite hostname="Aakriti" failures="0" tests="3" name="tests.CartTests" time="4.903" errors="0" timestamp="2026-05-09T11:33:47 IST" skipped="0">
  <testcase classname="tests.CartTests" name="deleteCartTest" time="0.838"/>
  <testcase classname="tests.CartTests" name="updateCartTest" time="0.687"/>
  <testcase classname="tests.CartTests" name="createCartTest" time="3.378"/>
</testsuite> <!-- tests.CartTests -->
