<?xml version="1.0" encoding="UTF-8"?>
<!-- Generated by org.testng.reporters.JUnitReportReporter -->
<testsuite hostname="Aakriti" failures="0" tests="3" name="tests.DataDrivenTests" time="2.366" errors="0" timestamp="2026-05-09T11:33:47 IST" skipped="0">
  <testcase classname="tests.DataDrivenTests" name="testMultipleProducts" time="0.703"/>
  <testcase classname="tests.DataDrivenTests" name="testMultipleProducts" time="0.781"/>
  <testcase classname="tests.DataDrivenTests" name="testMultipleProducts" time="0.882"/>
</testsuite> <!-- tests.DataDrivenTests -->
